The C compiler identification could not be found in "/home/saptded/Techopark/C_C++/IW-1/cmake-build-debug-coverage/CMakeFiles/3.17.5/CompilerIdC/CMakeCCompilerId.gcno"

The CXX compiler identification could not be found in "/home/saptded/Techopark/C_C++/IW-1/cmake-build-debug-coverage/CMakeFiles/3.17.5/CompilerIdCXX/CMakeCXXCompilerId.gcno"

Performing C SOURCE FILE Test CMAKE_HAVE_LIBC_PTHREAD failed with the following output:
Change Dir: /home/saptded/Techopark/C_C++/IW-1/cmake-build-debug-coverage/CMakeFiles/CMakeTmp

Run Build Command(s):/usr/bin/make cmTC_2ee8d/fast && /usr/bin/make  -f CMakeFiles/cmTC_2ee8d.dir/build.make CMakeFiles/cmTC_2ee8d.dir/build
make[1]: Entering directory '/home/saptded/Techopark/C_C++/IW-1/cmake-build-debug-coverage/CMakeFiles/CMakeTmp'
Building C object CMakeFiles/cmTC_2ee8d.dir/src.c.o
/usr/bin/cc   --coverage -DCMAKE_HAVE_LIBC_PTHREAD   -std=gnu11 -o CMakeFiles/cmTC_2ee8d.dir/src.c.o   -c /home/saptded/Techopark/C_C++/IW-1/cmake-build-debug-coverage/CMakeFiles/CMakeTmp/src.c
Linking C executable cmTC_2ee8d
/snap/clion/139/bin/cmake/linux/bin/cmake -E cmake_link_script CMakeFiles/cmTC_2ee8d.dir/link.txt --verbose=1
/usr/bin/cc --coverage -DCMAKE_HAVE_LIBC_PTHREAD    CMakeFiles/cmTC_2ee8d.dir/src.c.o  -o cmTC_2ee8d 
/usr/bin/ld: CMakeFiles/cmTC_2ee8d.dir/src.c.o: in function `main':
src.c:(.text+0x6a): undefined reference to `pthread_create'
/usr/bin/ld: src.c:(.text+0x88): undefined reference to `pthread_detach'
/usr/bin/ld: src.c:(.text+0xa6): undefined reference to `pthread_cancel'
/usr/bin/ld: src.c:(.text+0xc9): undefined reference to `pthread_join'
collect2: error: ld returned 1 exit status
make[1]: *** [CMakeFiles/cmTC_2ee8d.dir/build.make:107: cmTC_2ee8d] Error 1
make[1]: Leaving directory '/home/saptded/Techopark/C_C++/IW-1/cmake-build-debug-coverage/CMakeFiles/CMakeTmp'
make: *** [Makefile:141: cmTC_2ee8d/fast] Error 2


Source file was:
#include <pthread.h>

void* test_func(void* data)
{
  return data;
}

int main(void)
{
  pthread_t thread;
  pthread_create(&thread, NULL, test_func, NULL);
  pthread_detach(thread);
  pthread_cancel(thread);
  pthread_join(thread, NULL);
  pthread_atfork(NULL, NULL, NULL);
  pthread_exit(NULL);

  return 0;
}

Determining if the function pthread_create exists in the pthreads failed with the following output:
Change Dir: /home/saptded/Techopark/C_C++/IW-1/cmake-build-debug-coverage/CMakeFiles/CMakeTmp

Run Build Command(s):/usr/bin/make cmTC_596bb/fast && /usr/bin/make  -f CMakeFiles/cmTC_596bb.dir/build.make CMakeFiles/cmTC_596bb.dir/build
make[1]: Entering directory '/home/saptded/Techopark/C_C++/IW-1/cmake-build-debug-coverage/CMakeFiles/CMakeTmp'
Building C object CMakeFiles/cmTC_596bb.dir/CheckFunctionExists.c.o
/usr/bin/cc   --coverage -DCHECK_FUNCTION_EXISTS=pthread_create   -std=gnu11 -o CMakeFiles/cmTC_596bb.dir/CheckFunctionExists.c.o   -c /snap/clion/139/bin/cmake/linux/share/cmake-3.17/Modules/CheckFunctionExists.c
Linking C executable cmTC_596bb
/snap/clion/139/bin/cmake/linux/bin/cmake -E cmake_link_script CMakeFiles/cmTC_596bb.dir/link.txt --verbose=1
/usr/bin/cc --coverage -DCHECK_FUNCTION_EXISTS=pthread_create    CMakeFiles/cmTC_596bb.dir/CheckFunctionExists.c.o  -o cmTC_596bb  -lpthreads 
/usr/bin/ld: cannot find -lpthreads
collect2: error: ld returned 1 exit status
make[1]: *** [CMakeFiles/cmTC_596bb.dir/build.make:107: cmTC_596bb] Error 1
make[1]: Leaving directory '/home/saptded/Techopark/C_C++/IW-1/cmake-build-debug-coverage/CMakeFiles/CMakeTmp'
make: *** [Makefile:141: cmTC_596bb/fast] Error 2



